{"/Users/bogdanbojko/Programming/Work/Varteq/s4-input-mask/src/MyComponent/index.tsx": {"path":"/Users/bogdanbojko/Programming/Work/Varteq/s4-input-mask/src/MyComponent/index.tsx","statementMap":{"0":{"start":{"line":1,"column":0},"end":{"line":1,"column":30}},"1":{"start":{"line":5,"column":52},"end":{"line":5,"column":null}},"2":{"start":{"line":5,"column":58},"end":{"line":7,"column":null}},"3":{"start":{"line":9,"column":9},"end":{"line":9,"column":20}}},"fnMap":{"0":{"name":"(anonymous_6)","decl":{"start":{"line":5,"column":52},"end":{"line":5,"column":58}},"loc":{"start":{"line":5,"column":52},"end":{"line":5,"column":null}}}},"branchMap":{},"s":{"0":1,"1":1,"2":1,"3":1},"f":{"0":1},"b":{}}
}
